This is pdfTeX, Version 3.141592653-2.6-1.40.22 (MiKTeX 21.3) (preloaded format=pdflatex 2021.6.2)  21 DEC 2022 19:37
entering extended mode
**./document.tex
(document.tex
LaTeX2e <2020-10-01> patch level 4
L3 programming layer <2021-05-27>
(C:\Users\mkarc\AppData\Local\Programs\MiKTeX\tex/latex/base\article.cls
Document Class: article 2020/04/10 v1.4m Standard LaTeX document class
(C:\Users\mkarc\AppData\Local\Programs\MiKTeX\tex/latex/base\leqno.clo
File: leqno.clo 2016/12/29 v1.2b Standard LaTeX option (left equation numbers)
)
(C:\Users\mkarc\AppData\Local\Programs\MiKTeX\tex/latex/base\size12.clo
File: size12.clo 2020/04/10 v1.4m Standard LaTeX file (size option)
)
\c@part=\count181
\c@section=\count182
\c@subsection=\count183
\c@subsubsection=\count184
\c@paragraph=\count185
\c@subparagraph=\count186
\c@figure=\count187
\c@table=\count188
\abovecaptionskip=\skip47
\belowcaptionskip=\skip48
\bibindent=\dimen138
)
(C:\Users\mkarc\AppData\Local\Programs\MiKTeX\tex/latex/polski\polski.sty
Package: polski 2017/05/04 v1.3.4 Polish language package

   Switching to Polish text encoding and Polish maths fonts.
(C:\Users\mkarc\AppData\Local\Programs\MiKTeX\tex/latex/base\ot4enc.def
File: ot4enc.def 2020/08/10 v2.0s Standard LaTeX file
Now handling font encoding OT4 ...
... no UTF-8 mapping file for font encoding OT4
)
LaTeX Font Info:    Trying to load font information for OT4+cmr on input line 3
60.

(C:\Users\mkarc\AppData\Local\Programs\MiKTeX\tex/latex/polski\ot4cmr.fd
File: ot4cmr.fd 2008/02/24 v1.2.1 Font defs for fonts PL (MW)
)
LaTeX Font Info:    Overwriting math alphabet `\mathbf' in version `normal'
(Font)                  OT1/cmr/bx/n --> OT4/cmr/bx/n on input line 360.
LaTeX Font Info:    Overwriting math alphabet `\mathsf' in version `normal'
(Font)                  OT1/cmss/m/n --> OT4/cmss/m/n on input line 360.
LaTeX Font Info:    Overwriting math alphabet `\mathit' in version `normal'
(Font)                  OT1/cmr/m/it --> OT4/cmr/m/it on input line 360.
LaTeX Font Info:    Overwriting math alphabet `\mathtt' in version `normal'
(Font)                  OT1/cmtt/m/n --> OT4/cmtt/m/n on input line 360.
LaTeX Font Info:    Overwriting math alphabet `\mathsf' in version `bold'
(Font)                  OT1/cmss/bx/n --> OT4/cmss/bx/n on input line 360.
LaTeX Font Info:    Overwriting math alphabet `\mathit' in version `bold'
(Font)                  OT1/cmr/bx/it --> OT4/cmr/bx/it on input line 360.
LaTeX Font Info:    Encoding `OT1' has changed to `OT4' for symbol font
(Font)              `operators' in the math version `normal' on input line 360.

LaTeX Font Info:    Overwriting symbol font `operators' in version `normal'
(Font)                  OT1/cmr/m/n --> OT4/cmr/m/n on input line 360.
LaTeX Font Info:    Overwriting symbol font `letters' in version `normal'
(Font)                  OML/cmm/m/it --> OML/plm/m/it on input line 360.
LaTeX Font Info:    Overwriting symbol font `symbols' in version `normal'
(Font)                  OMS/cmsy/m/n --> OMS/plsy/m/n on input line 360.
LaTeX Font Info:    Overwriting symbol font `largesymbols' in version `normal'
(Font)                  OMX/cmex/m/n --> OMX/plex/m/n on input line 360.
LaTeX Font Info:    Encoding `OT1' has changed to `OT4' for symbol font
(Font)              `operators' in the math version `bold' on input line 360.
LaTeX Font Info:    Overwriting symbol font `operators' in version `bold'
(Font)                  OT1/cmr/bx/n --> OT4/cmr/bx/n on input line 360.
LaTeX Font Info:    Overwriting symbol font `letters' in version `bold'
(Font)                  OML/cmm/b/it --> OML/plm/b/it on input line 360.
LaTeX Font Info:    Overwriting symbol font `symbols' in version `bold'
(Font)                  OMS/cmsy/b/n --> OMS/plsy/b/n on input line 360.
)
(C:\Users\mkarc\AppData\Local\Programs\MiKTeX\tex/latex/base\inputenc.sty
Package: inputenc 2020/08/01 v1.3d Input encoding file
\inpenc@prehook=\toks15
\inpenc@posthook=\toks16
)
(C:\Users\mkarc\AppData\Local\Programs\MiKTeX\tex/latex/base\fontenc.sty
Package: fontenc 2020/08/10 v2.0s Standard LaTeX package
)
(C:\Users\mkarc\AppData\Local\Programs\MiKTeX\tex/latex/psnfss\times.sty
Package: times 2020/03/25 PSNFSS-v9.3 (SPQR) 
)
(C:\Users\mkarc\AppData\Local\Programs\MiKTeX\tex/latex/amsfonts\amsfonts.sty
Package: amsfonts 2013/01/14 v3.01 Basic AMSFonts support
\@emptytoks=\toks17
\symAMSa=\mathgroup4
\symAMSb=\mathgroup5
LaTeX Font Info:    Redeclaring math symbol \hbar on input line 98.
LaTeX Font Info:    Overwriting math alphabet `\mathfrak' in version `bold'
(Font)                  U/euf/m/n --> U/euf/b/n on input line 106.
)
(C:\Users\mkarc\AppData\Local\Programs\MiKTeX\tex/latex/amsmath\amsmath.sty
Package: amsmath 2020/09/23 v2.17i AMS math features
\@mathmargin=\skip49

For additional information on amsmath, use the `?' option.
(C:\Users\mkarc\AppData\Local\Programs\MiKTeX\tex/latex/amsmath\amstext.sty
Package: amstext 2000/06/29 v2.01 AMS text

(C:\Users\mkarc\AppData\Local\Programs\MiKTeX\tex/latex/amsmath\amsgen.sty
File: amsgen.sty 1999/11/30 v2.0 generic functions
\@emptytoks=\toks18
\ex@=\dimen139
))
(C:\Users\mkarc\AppData\Local\Programs\MiKTeX\tex/latex/amsmath\amsbsy.sty
Package: amsbsy 1999/11/29 v1.2d Bold Symbols
\pmbraise@=\dimen140
)
(C:\Users\mkarc\AppData\Local\Programs\MiKTeX\tex/latex/amsmath\amsopn.sty
Package: amsopn 2016/03/08 v2.02 operator names
)
\inf@bad=\count189
LaTeX Info: Redefining \frac on input line 234.
\uproot@=\count190
\leftroot@=\count191
LaTeX Info: Redefining \overline on input line 399.
\classnum@=\count192
\DOTSCASE@=\count193
LaTeX Info: Redefining \ldots on input line 496.
LaTeX Info: Redefining \dots on input line 499.
LaTeX Info: Redefining \cdots on input line 620.
\Mathstrutbox@=\box47
\strutbox@=\box48
\big@size=\dimen141
LaTeX Font Info:    Redeclaring font encoding OML on input line 743.
LaTeX Font Info:    Redeclaring font encoding OMS on input line 744.
\macc@depth=\count194
\c@MaxMatrixCols=\count195
\dotsspace@=\muskip16
\c@parentequation=\count196
\dspbrk@lvl=\count197
\tag@help=\toks19
\row@=\count198
\column@=\count199
\maxfields@=\count266
\andhelp@=\toks20
\eqnshift@=\dimen142
\alignsep@=\dimen143
\tagshift@=\dimen144
\tagwidth@=\dimen145
\totwidth@=\dimen146
\lineht@=\dimen147
\@envbody=\toks21
\multlinegap=\skip50
\multlinetaggap=\skip51
\mathdisplay@stack=\toks22
LaTeX Info: Redefining \[ on input line 2923.
LaTeX Info: Redefining \] on input line 2924.
)
(C:\Users\mkarc\AppData\Local\Programs\MiKTeX\tex/latex/latex-tools\bm.sty
Package: bm 2019/07/24 v1.2d Bold Symbol Support (DPC/FMi)
\symboldoperators=\mathgroup6
\symboldletters=\mathgroup7
\symboldsymbols=\mathgroup8
\symboldlargesymbols=\mathgroup9
LaTeX Font Info:    Redeclaring math alphabet \mathbf on input line 141.
LaTeX Info: Redefining \bm on input line 209.
)
(C:\Users\mkarc\AppData\Local\Programs\MiKTeX\tex/latex/mathtools\mathtools.sty
Package: mathtools 2021/04/12 v1.27 mathematical typesetting tools
(C:\Users\mkarc\AppData\Local\Programs\MiKTeX\tex/latex/graphics\keyval.sty
Package: keyval 2014/10/28 v1.15 key=value parser (DPC)
\KV@toks@=\toks23
)
(C:\Users\mkarc\AppData\Local\Programs\MiKTeX\tex/latex/latex-tools\calc.sty
Package: calc 2017/05/25 v4.3 Infix arithmetic (KKT,FJ)
\calc@Acount=\count267
\calc@Bcount=\count268
\calc@Adimen=\dimen148
\calc@Bdimen=\dimen149
\calc@Askip=\skip52
\calc@Bskip=\skip53
LaTeX Info: Redefining \setlength on input line 80.
LaTeX Info: Redefining \addtolength on input line 81.
\calc@Ccount=\count269
\calc@Cskip=\skip54
)
(C:\Users\mkarc\AppData\Local\Programs\MiKTeX\tex/latex/mathtools\mhsetup.sty
Package: mhsetup 2021/03/18 v1.4 programming setup (MH)
)
LaTeX Info: Thecontrolsequence`\('isalreadyrobust on input line 130.
LaTeX Info: Thecontrolsequence`\)'isalreadyrobust on input line 130.
LaTeX Info: Thecontrolsequence`\['isalreadyrobust on input line 130.
LaTeX Info: Thecontrolsequence`\]'isalreadyrobust on input line 130.
\g_MT_multlinerow_int=\count270
\l_MT_multwidth_dim=\dimen150
\origjot=\skip55
\l_MT_shortvdotswithinadjustabove_dim=\dimen151
\l_MT_shortvdotswithinadjustbelow_dim=\dimen152
\l_MT_above_intertext_sep=\dimen153
\l_MT_below_intertext_sep=\dimen154
\l_MT_above_shortintertext_sep=\dimen155
\l_MT_below_shortintertext_sep=\dimen156
\xmathstrut@box=\box49
\xmathstrut@dim=\dimen157
)
(C:\Users\mkarc\AppData\Local\Programs\MiKTeX\tex/latex/latex-tools\tabularx.st
y
Package: tabularx 2020/01/15 v2.11c `tabularx' package (DPC)
 (C:\Users\mkarc\AppData\Local\Programs\MiKTeX\tex/latex/latex-tools\array.sty
Package: array 2020/10/01 v2.5c Tabular extension package (FMi)
\col@sep=\dimen158
\ar@mcellbox=\box50
\extrarowheight=\dimen159
\NC@list=\toks24
\extratabsurround=\skip56
\backup@length=\skip57
\ar@cellbox=\box51
)
\TX@col@width=\dimen160
\TX@old@table=\dimen161
\TX@old@col=\dimen162
\TX@target=\dimen163
\TX@delta=\dimen164
\TX@cols=\count271
\TX@ftn=\toks25
)
(C:\Users\mkarc\AppData\Local\Programs\MiKTeX\tex/latex/multirow\multirow.sty
Package: multirow 2021/03/15 v2.8 Span multiple rows of a table
\multirow@colwidth=\skip58
\multirow@cntb=\count272
\multirow@dima=\skip59
\bigstrutjot=\dimen165
)
(C:\Users\mkarc\AppData\Local\Programs\MiKTeX\tex/latex/hyperref\hyperref.sty
Package: hyperref 2021-02-27 v7.00k Hypertext links for LaTeX

(C:\Users\mkarc\AppData\Local\Programs\MiKTeX\tex/generic/ltxcmds\ltxcmds.sty
Package: ltxcmds 2020-05-10 v1.25 LaTeX kernel commands for general use (HO)
)
(C:\Users\mkarc\AppData\Local\Programs\MiKTeX\tex/generic/iftex\iftex.sty
Package: iftex 2020/03/06 v1.0d TeX engine tests
)
(C:\Users\mkarc\AppData\Local\Programs\MiKTeX\tex/generic/pdftexcmds\pdftexcmds
.sty
Package: pdftexcmds 2020-06-27 v0.33 Utility functions of pdfTeX for LuaTeX (HO
)

(C:\Users\mkarc\AppData\Local\Programs\MiKTeX\tex/generic/infwarerr\infwarerr.s
ty
Package: infwarerr 2019/12/03 v1.5 Providing info/warning/error messages (HO)
)
Package pdftexcmds Info: \pdf@primitive is available.
Package pdftexcmds Info: \pdf@ifprimitive is available.
Package pdftexcmds Info: \pdfdraftmode found.
)
(C:\Users\mkarc\AppData\Local\Programs\MiKTeX\tex/generic/kvsetkeys\kvsetkeys.s
ty
Package: kvsetkeys 2019/12/15 v1.18 Key value parser (HO)
)
(C:\Users\mkarc\AppData\Local\Programs\MiKTeX\tex/generic/kvdefinekeys\kvdefine
keys.sty
Package: kvdefinekeys 2019-12-19 v1.6 Define keys (HO)
)
(C:\Users\mkarc\AppData\Local\Programs\MiKTeX\tex/generic/pdfescape\pdfescape.s
ty
Package: pdfescape 2019/12/09 v1.15 Implements pdfTeX's escape features (HO)
) (C:\Users\mkarc\AppData\Local\Programs\MiKTeX\tex/latex/hycolor\hycolor.sty
Package: hycolor 2020-01-27 v1.10 Color options for hyperref/bookmark (HO)
)
(C:\Users\mkarc\AppData\Local\Programs\MiKTeX\tex/latex/letltxmacro\letltxmacro
.sty
Package: letltxmacro 2019/12/03 v1.6 Let assignment for LaTeX macros (HO)
)
(C:\Users\mkarc\AppData\Local\Programs\MiKTeX\tex/latex/auxhook\auxhook.sty
Package: auxhook 2019-12-17 v1.6 Hooks for auxiliary files (HO)
)
(C:\Users\mkarc\AppData\Local\Programs\MiKTeX\tex/latex/kvoptions\kvoptions.sty
Package: kvoptions 2020-10-07 v3.14 Key value format for package options (HO)
)
\@linkdim=\dimen166
\Hy@linkcounter=\count273
\Hy@pagecounter=\count274
 (C:\Users\mkarc\AppData\Local\Programs\MiKTeX\tex/latex/hyperref\pd1enc.def
File: pd1enc.def 2021-02-27 v7.00k Hyperref: PDFDocEncoding definition (HO)
Now handling font encoding PD1 ...
... no UTF-8 mapping file for font encoding PD1
)
(C:\Users\mkarc\AppData\Local\Programs\MiKTeX\tex/latex/hyperref\hyperref-langp
atches.def
File: hyperref-langpatches.def 2021-02-27 v7.00k Hyperref: patches for babel la
nguages
)
(C:\Users\mkarc\AppData\Local\Programs\MiKTeX\tex/generic/intcalc\intcalc.sty
Package: intcalc 2019/12/15 v1.3 Expandable calculations with integers (HO)
)
(C:\Users\mkarc\AppData\Local\Programs\MiKTeX\tex/generic/etexcmds\etexcmds.sty
Package: etexcmds 2019/12/15 v1.7 Avoid name clashes with e-TeX commands (HO)
)
\Hy@SavedSpaceFactor=\count275
 (C:\Users\mkarc\AppData\Local\Programs\MiKTeX\tex/latex/hyperref\puenc.def
File: puenc.def 2021-02-27 v7.00k Hyperref: PDF Unicode definition (HO)
Now handling font encoding PU ...
... no UTF-8 mapping file for font encoding PU
)
Package hyperref Info: Hyper figures OFF on input line 4192.
Package hyperref Info: Link nesting OFF on input line 4197.
Package hyperref Info: Hyper index ON on input line 4200.
Package hyperref Info: Plain pages OFF on input line 4207.
Package hyperref Info: Backreferencing OFF on input line 4212.
Package hyperref Info: Implicit mode ON; LaTeX internals redefined.
Package hyperref Info: Bookmarks ON on input line 4445.
\c@Hy@tempcnt=\count276

(C:\Users\mkarc\AppData\Local\Programs\MiKTeX\tex/latex/url\url.sty
\Urlmuskip=\muskip17
Package: url 2013/09/16  ver 3.4  Verb mode for urls, etc.
)
LaTeX Info: Redefining \url on input line 4804.
\XeTeXLinkMargin=\dimen167

(C:\Users\mkarc\AppData\Local\Programs\MiKTeX\tex/generic/bitset\bitset.sty
Package: bitset 2019/12/09 v1.3 Handle bit-vector datatype (HO)

(C:\Users\mkarc\AppData\Local\Programs\MiKTeX\tex/generic/bigintcalc\bigintcalc
.sty
Package: bigintcalc 2019/12/15 v1.5 Expandable calculations on big integers (HO
)
))
\Fld@menulength=\count277
\Field@Width=\dimen168
\Fld@charsize=\dimen169
Package hyperref Info: Hyper figures OFF on input line 6075.
Package hyperref Info: Link nesting OFF on input line 6080.
Package hyperref Info: Hyper index ON on input line 6083.
Package hyperref Info: backreferencing OFF on input line 6090.
Package hyperref Info: Link coloring OFF on input line 6095.
Package hyperref Info: Link coloring with OCG OFF on input line 6100.
Package hyperref Info: PDF/A mode OFF on input line 6105.
LaTeX Info: Redefining \ref on input line 6145.
LaTeX Info: Redefining \pageref on input line 6149.

(C:\Users\mkarc\AppData\Local\Programs\MiKTeX\tex/latex/base\atbegshi-ltx.sty
Package: atbegshi-ltx 2020/08/17 v1.0a Emulation of the original atbegshi packa
ge
with kernel methods
)
\Hy@abspage=\count278
\c@Item=\count279
\c@Hfootnote=\count280
)
Package hyperref Info: Driver (autodetected): hpdftex.
(C:\Users\mkarc\AppData\Local\Programs\MiKTeX\tex/latex/hyperref\hpdftex.def
File: hpdftex.def 2021-02-27 v7.00k Hyperref driver for pdfTeX

(C:\Users\mkarc\AppData\Local\Programs\MiKTeX\tex/latex/base\atveryend-ltx.sty
Package: atveryend-ltx 2020/08/19 v1.0a Emulation of the original atvery packag
e
with kernel methods
)
\Fld@listcount=\count281
\c@bookmark@seq@number=\count282

(C:\Users\mkarc\AppData\Local\Programs\MiKTeX\tex/latex/rerunfilecheck\rerunfil
echeck.sty
Package: rerunfilecheck 2019/12/05 v1.9 Rerun checks for auxiliary files (HO)

(C:\Users\mkarc\AppData\Local\Programs\MiKTeX\tex/generic/uniquecounter\uniquec
ounter.sty
Package: uniquecounter 2019/12/15 v1.4 Provide unlimited unique counter (HO)
)
Package uniquecounter Info: New unique counter `rerunfilecheck' on input line 2
86.
)
\Hy@SectionHShift=\skip60
)
(C:\Users\mkarc\AppData\Local\Programs\MiKTeX\tex/latex/enumitem\enumitem.sty
Package: enumitem 2019/06/20 v3.9 Customized lists
\labelindent=\skip61
\enit@outerparindent=\dimen170
\enit@toks=\toks26
\enit@inbox=\box52
\enit@count@id=\count283
\enitdp@description=\count284
)
(C:\Users\mkarc\AppData\Local\Programs\MiKTeX\tex/latex/float\float.sty
Package: float 2001/11/08 v1.3d Float enhancements (AL)
\c@float@type=\count285
\float@exts=\toks27
\float@box=\box53
\@float@everytoks=\toks28
\@floatcapt=\box54
)
(C:\Users\mkarc\AppData\Local\Programs\MiKTeX\tex/latex/graphics\graphicx.sty
Package: graphicx 2020/09/09 v1.2b Enhanced LaTeX Graphics (DPC,SPQR)

(C:\Users\mkarc\AppData\Local\Programs\MiKTeX\tex/latex/graphics\graphics.sty
Package: graphics 2020/08/30 v1.4c Standard LaTeX Graphics (DPC,SPQR)

(C:\Users\mkarc\AppData\Local\Programs\MiKTeX\tex/latex/graphics\trig.sty
Package: trig 2016/01/03 v1.10 sin cos tan (DPC)
)
(C:\Users\mkarc\AppData\Local\Programs\MiKTeX\tex/latex/graphics-cfg\graphics.c
fg
File: graphics.cfg 2016/06/04 v1.11 sample graphics configuration
)
Package graphics Info: Driver file: pdftex.def on input line 105.

(C:\Users\mkarc\AppData\Local\Programs\MiKTeX\tex/latex/graphics-def\pdftex.def
File: pdftex.def 2020/10/05 v1.2a Graphics/color driver for pdftex
))
\Gin@req@height=\dimen171
\Gin@req@width=\dimen172
)
(C:\Users\mkarc\AppData\Local\Programs\MiKTeX\tex/latex/graphics\rotating.sty
Package: rotating 2016/08/11 v2.16d rotated objects in LaTeX

(C:\Users\mkarc\AppData\Local\Programs\MiKTeX\tex/latex/base\ifthen.sty
Package: ifthen 2014/09/29 v1.1c Standard LaTeX ifthen package (DPC)
)
\c@r@tfl@t=\count286
\rotFPtop=\skip62
\rotFPbot=\skip63
\rot@float@box=\box55
\rot@mess@toks=\toks29
)
(C:\Users\mkarc\AppData\Local\Programs\MiKTeX\tex/latex/caption\subcaption.sty
Package: subcaption 2022/01/07 v1.5 Sub-captions (AR)

(C:\Users\mkarc\AppData\Local\Programs\MiKTeX\tex/latex/caption\caption.sty
Package: caption 2022/03/01 v3.6b Customizing captions (AR)

(C:\Users\mkarc\AppData\Local\Programs\MiKTeX\tex/latex/caption\caption3.sty
Package: caption3 2022/03/17 v2.3b caption3 kernel (AR)
\caption@tempdima=\dimen173
\captionmargin=\dimen174
\caption@leftmargin=\dimen175
\caption@rightmargin=\dimen176
\caption@width=\dimen177
\caption@indent=\dimen178
\caption@parindent=\dimen179
\caption@hangindent=\dimen180
Package caption Info: Standard document class detected.
)
\c@caption@flags=\count287
\c@continuedfloat=\count288
Package caption Info: float package is loaded.
Package caption Info: hyperref package is loaded.
Package caption Info: rotating package is loaded.
)
\c@subfigure=\count289
\c@subtable=\count290
) (C:\Users\mkarc\AppData\Local\Programs\MiKTeX\tex/latex/animate\animate.sty

LaTeX Warning: You have requested release `2022-06-01' of LaTeX,
               but only release `2020-10-01' is available.

Package: animate 2022/09/15 PDF & SVG animations from files and inline graphics

(C:\Users\mkarc\AppData\Local\Programs\MiKTeX\tex/latex/oberdiek\ifdraft.sty
Package: ifdraft 2016/05/16 v1.4 Detect class options draft and final (HO)
)
! Undefined control sequence.
l.33 \DeclareKeys
                 [anim@pkg]{
The control sequence at the end of the top line
of your error message was never \def'ed. If you have
misspelled it (e.g., `\hobx'), type `I' and the correct
spelling (e.g., `I\hbox'). Otherwise just continue,
and I'll forget about whatever was undefined.


! LaTeX Error: Missing \begin{document}.

See the LaTeX manual or LaTeX Companion for explanation.
Type  H <return>  for immediate help.
 ...                                              
                                                  
l.33 \DeclareKeys[
                  anim@pkg]{
You're in trouble here.  Try typing  <return>  to proceed.
If that doesn't work, type  X <return>  to quit.

! Undefined control sequence.
l.63 \DeclareUnknownKeyHandler
                              [anim@pkg]{}
The control sequence at the end of the top line
of your error message was never \def'ed. If you have
misspelled it (e.g., `\hobx'), type `I' and the correct
spelling (e.g., `I\hbox'). Otherwise just continue,
and I'll forget about whatever was undefined.


Overfull \hbox (1571.1206pt too wide) in paragraph at lines 33--64
[]\T1/cmr/m/n/12 [anim@pkg]pdftex.code:n=,pdftex.value_forbidden:n=true,luatex.
code:n=,luatex.value_forbidden:n=true,xetex.code:n=,xetex.value_forbidden:n=tru
e,dvips.code:n=,dvips.value_forbidden:n=true,dvipdfmx.code:n=,dvipdfmx.value_fo
rbidden:n=true,dvisvgm.code:n=,dvisvgm.value_forbidden:n=true,export.legacy_if_
gset:n=@anim@export,export.default:n=true,[anim@pkg] 
 []

! Undefined control sequence.
l.65 \ProcessKeyOptions
                       [anim@pkg]
The control sequence at the end of the top line
of your error message was never \def'ed. If you have
misspelled it (e.g., `\hobx'), type `I' and the correct
spelling (e.g., `I\hbox'). Otherwise just continue,
and I'll forget about whatever was undefined.


! LaTeX Error: Missing \begin{document}.

See the LaTeX manual or LaTeX Companion for explanation.
Type  H <return>  for immediate help.
 ...                                              
                                                  
l.65 \ProcessKeyOptions[
                        anim@pkg]
You're in trouble here.  Try typing  <return>  to proceed.
If that doesn't work, type  X <return>  to quit.

(C:\Users\mkarc\AppData\Local\Programs\MiKTeX\tex/latex/media9\pdfbase.sty

LaTeX Warning: You have requested release `2022-06-01' of LaTeX,
               but only release `2020-10-01' is available.

Package: pdfbase 2022/08/04 v0.55 driver independent access to low-level PDF fe
atures
! Undefined control sequence.
<argument> ...l_keys_key_tl }}}\ProcessKeyOptions 
                                                  [pdfbase]\cs_if_exist:NF \...
l.1389 }
        
The control sequence at the end of the top line
of your error message was never \def'ed. If you have
misspelled it (e.g., `\hobx'), type `I' and the correct
spelling (e.g., `I\hbox'). Otherwise just continue,
and I'll forget about whatever was undefined.


! LaTeX Error: Missing \begin{document}.

See the LaTeX manual or LaTeX Companion for explanation.
Type  H <return>  for immediate help.
 ...                                              
                                                  
l.1389 }
        
You're in trouble here.  Try typing  <return>  to proceed.
If that doesn't work, type  X <return>  to quit.


(C:\Users\mkarc\AppData\Local\Programs\MiKTeX\tex/latex/l3backend\l3backend-pdf
tex.def
File: l3backend-pdftex.def 2021-05-07 L3 backend support: PDF output (pdfTeX)
\l__color_backend_stack_int=\count291
\l__pdf_internal_box=\box56
)
\g_pbs_page_int=\count292
\g_pbs_oc_int=\count293
)

! LaTeX Error: Unknown option `dvipdfmx' for package `pdfbase'.

See the LaTeX manual or LaTeX Companion for explanation.
Type  H <return>  for immediate help.
 ...                                              
                                                  
l.69 \@ifpackagelater
                     {pdfbase}{2022/08/04}{}{
The option `dvipdfmx' was not declared in package `pdfbase', perhaps you
misspelled its name. Try typing  <return>  to proceed.


! LaTeX Error: Unknown option `dvisvgm' for package `pdfbase'.

See the LaTeX manual or LaTeX Companion for explanation.
Type  H <return>  for immediate help.
 ...                                              
                                                  
l.69 \@ifpackagelater
                     {pdfbase}{2022/08/04}{}{
The option `dvisvgm' was not declared in package `pdfbase', perhaps you
misspelled its name. Try typing  <return>  to proceed.

(C:\Users\mkarc\AppData\Local\Programs\MiKTeX\tex/latex/zref\zref-abspage.sty
Package: zref-abspage 2022-04-07 v2.34 Module abspage for zref (HO)

(C:\Users\mkarc\AppData\Local\Programs\MiKTeX\tex/latex/zref\zref-base.sty
Package: zref-base 2022-04-07 v2.34 Module base for zref (HO)
Package zref Info: New property list: main on input line 767.
Package zref Info: New property: default on input line 768.
Package zref Info: New property: page on input line 769.
)
\c@abspage=\count294
Package zref Info: New property: abspage on input line 65.
)
(C:\Users\mkarc\AppData\Local\Programs\MiKTeX\tex/latex/ocgx2\ocgbase.sty
Package: ocgbase 2022/08/04 v0.22 support package for ocgx2.sty

! Undefined control sequence.
l.138 \ProcessKeyOptions
                        [ocgbase]
The control sequence at the end of the top line
of your error message was never \def'ed. If you have
misspelled it (e.g., `\hobx'), type `I' and the correct
spelling (e.g., `I\hbox'). Otherwise just continue,
and I'll forget about whatever was undefined.


! LaTeX Error: Missing \begin{document}.

See the LaTeX manual or LaTeX Companion for explanation.
Type  H <return>  for immediate help.
 ...                                              
                                                  
l.138 \ProcessKeyOptions[
                         ocgbase]
You're in trouble here.  Try typing  <return>  to proceed.
If that doesn't work, type  X <return>  to quit.

\g_ocgbase_nd_int=\count295
)

! LaTeX Error: Unknown option `dvipdfmx' for package `ocgbase'.

See the LaTeX manual or LaTeX Companion for explanation.
Type  H <return>  for immediate help.
 ...                                              
                                                  
l.244   \def
            \@anim@newocg#1#2{%#1:@anim@num, #2:@anim@curframe@zb
The option `dvipdfmx' was not declared in package `ocgbase', perhaps you
misspelled its name. Try typing  <return>  to proceed.

\@anim@box=\box57
\@anim@measbox=\box58
\@anim@tmpdima=\dimen181
\@anim@tmpdimb=\dimen182
\@anim@num=\count296
\@anim@curframe=\count297
\@anim@curframe@zb=\count298
\@anim@resizeflags=\count299
\@anim@skipfram=\count300
\@anim@mulframecnt=\count301
\@anim@@tmlnfile=\read2
\@anim@tmpcnt=\count302
\c@@anim@ltxcnt=\count303
\@anim@curlayer=\count304
\@anim@lineno=\count305
\@anim@curfield=\count306
! Undefined control sequence.
l.2914 \DeclareKeys
                   [anim@user]{
The control sequence at the end of the top line
of your error message was never \def'ed. If you have
misspelled it (e.g., `\hobx'), type `I' and the correct
spelling (e.g., `I\hbox'). Otherwise just continue,
and I'll forget about whatever was undefined.


! LaTeX Error: Missing \begin{document}.

See the LaTeX manual or LaTeX Companion for explanation.
Type  H <return>  for immediate help.
 ...                                              
                                                  
l.2914 \DeclareKeys[
                    anim@user]{
You're in trouble here.  Try typing  <return>  to proceed.
If that doesn't work, type  X <return>  to quit.

! Illegal parameter number in definition of \@anim@label.
<to be read again> 
                   1
l.2916     \gdef\@anim@label{#1
                               }
You meant to type ## instead of #, right?
Or maybe a } was forgotten somewhere earlier, and things
are all screwed up? I'm going to assume that you meant ##.

! Illegal parameter number in definition of \@anim@widtharg.
<to be read again> 
                   1
l.2934     \gdef\@anim@widtharg{#1
                                  }
You meant to type ## instead of #, right?
Or maybe a } was forgotten somewhere earlier, and things
are all screwed up? I'm going to assume that you meant ##.

! Illegal parameter number in definition of \@anim@heightarg.
<to be read again> 
                   1
l.2943     \gdef\@anim@heightarg{#1
                                   }
You meant to type ## instead of #, right?
Or maybe a } was forgotten somewhere earlier, and things
are all screwed up? I'm going to assume that you meant ##.

! Illegal parameter number in definition of \@anim@totheightarg.
<to be read again> 
                   1
l.2952     \gdef\@anim@totheightarg{#1
                                      }
You meant to type ## instead of #, right?
Or maybe a } was forgotten somewhere earlier, and things
are all screwed up? I'm going to assume that you meant ##.

! Illegal parameter number in definition of \@anim@bb.
<to be read again> 
                   1
l.2963   bb.code:n = {\xdef\@anim@bb{bb=#1
                                          }},
You meant to type ## instead of #, right?
Or maybe a } was forgotten somewhere earlier, and things
are all screwed up? I'm going to assume that you meant ##.

! Illegal parameter number in definition of \@anim@viewport.
<to be read again> 
                   1
l.2966 ...de:n = {\xdef\@anim@viewport{viewport=#1
                                                  }},
You meant to type ## instead of #, right?
Or maybe a } was forgotten somewhere earlier, and things
are all screwed up? I'm going to assume that you meant ##.

! Illegal parameter number in definition of \@anim@trim.
<to be read again> 
                   1
l.2969   trim.code:n = {\xdef\@anim@trim{trim=#1
                                                }},
You meant to type ## instead of #, right?
Or maybe a } was forgotten somewhere earlier, and things
are all screwed up? I'm going to assume that you meant ##.

! Illegal parameter number in definition of \@anim@angle.
<to be read again> 
                   1
l.2972 ...gle.code:n = {\xdef\@anim@angle{angle=#1
                                                  }},
You meant to type ## instead of #, right?
Or maybe a } was forgotten somewhere earlier, and things
are all screwed up? I'm going to assume that you meant ##.

! Illegal parameter number in definition of \@anim@pagebox.
<to be read again> 
                   1
l.2975 ...code:n = {\xdef\@anim@pagebox{pagebox=#1
                                                  }},
You meant to type ## instead of #, right?
Or maybe a } was forgotten somewhere earlier, and things
are all screwed up? I'm going to assume that you meant ##.

! Undefined control sequence.
l.2987   scale.tl_gset_x:N = \@anim@boxscale
                                            ,
The control sequence at the end of the top line
of your error message was never \def'ed. If you have
misspelled it (e.g., `\hobx'), type `I' and the correct
spelling (e.g., `I\hbox'). Otherwise just continue,
and I'll forget about whatever was undefined.

! Undefined control sequence.
l.2990   buttonsize.tl_gset:N = \@anim@btnsize
                                              ,
The control sequence at the end of the top line
of your error message was never \def'ed. If you have
misspelled it (e.g., `\hobx'), type `I' and the correct
spelling (e.g., `I\hbox'). Otherwise just continue,
and I'll forget about whatever was undefined.

! Illegal parameter number in definition of \@anim@colour.
<to be read again> 
                   1
l.2996     \@anim@colours{#1}
                             
You meant to type ## instead of #, right?
Or maybe a } was forgotten somewhere earlier, and things
are all screwed up? I'm going to assume that you meant ##.

! Illegal parameter number in definition of \@anim@bg.
<to be read again> 
                   1
l.3012         \xdef\@anim@bg{\@anim@colour
                                           \space g}
You meant to type ## instead of #, right?
Or maybe a } was forgotten somewhere earlier, and things
are all screwed up? I'm going to assume that you meant ##.

! Illegal parameter number in definition of \@anim@colour.
<to be read again> 
                   1
l.3029     \@anim@colours{#1}
                             
You meant to type ## instead of #, right?
Or maybe a } was forgotten somewhere earlier, and things
are all screwed up? I'm going to assume that you meant ##.

! Illegal parameter number in definition of \@anim@fg.
<to be read again> 
                   1
l.3045         \xdef\@anim@fg{\@anim@colour
                                           \space G}
You meant to type ## instead of #, right?
Or maybe a } was forgotten somewhere earlier, and things
are all screwed up? I'm going to assume that you meant ##.

! Illegal parameter number in definition of \@anim@@@fg.
<to be read again> 
                   1
l.3046         \xdef\@anim@@@fg{\@anim@colour
                                             \space g}
You meant to type ## instead of #, right?
Or maybe a } was forgotten somewhere earlier, and things
are all screwed up? I'm going to assume that you meant ##.

! Undefined control sequence.
l.3062   buttonalpha.tl_gset_x:N = \@anim@alpha
                                               ,
The control sequence at the end of the top line
of your error message was never \def'ed. If you have
misspelled it (e.g., `\hobx'), type `I' and the correct
spelling (e.g., `I\hbox'). Otherwise just continue,
and I'll forget about whatever was undefined.

! Illegal parameter number in definition of \@gtempa.
<to be read again> 
                   1
l.3066     \ifthenelse{\equal{#1}{none}}
                                        {
You meant to type ## instead of #, right?
Or maybe a } was forgotten somewhere earlier, and things
are all screwed up? I'm going to assume that you meant ##.

! Illegal parameter number in definition of \@tempa.
<to be read again> 
                   1
l.3066     \ifthenelse{\equal{#1}{none}}
                                        {
You meant to type ## instead of #, right?
Or maybe a } was forgotten somewhere earlier, and things
are all screwed up? I'm going to assume that you meant ##.

! Illegal parameter number in definition of \@anim@alttext.
<to be read again> 
                   1
l.3070     }
            
You meant to type ## instead of #, right?
Or maybe a } was forgotten somewhere earlier, and things
are all screwed up? I'm going to assume that you meant ##.

! Illegal parameter number in definition of \@gtempa.
<to be read again> 
                   1
l.3100 ...gnarg\@anim@tmpvar\@anim@tmpdima#1+\@nil
                                                  
You meant to type ## instead of #, right?
Or maybe a } was forgotten somewhere earlier, and things
are all screwed up? I'm going to assume that you meant ##.

! Illegal parameter number in definition of \@tempa.
<to be read again> 
                   1
l.3100 ...gnarg\@anim@tmpvar\@anim@tmpdima#1+\@nil
                                                  
You meant to type ## instead of #, right?
Or maybe a } was forgotten somewhere earlier, and things
are all screwed up? I'm going to assume that you meant ##.

! Illegal parameter number in definition of \@anim@tmpvar.
<to be read again> 
                   1
l.3100 ...gnarg\@anim@tmpvar\@anim@tmpdima#1+\@nil
                                                  
You meant to type ## instead of #, right?
Or maybe a } was forgotten somewhere earlier, and things
are all screwed up? I'm going to assume that you meant ##.

! Illegal parameter number in definition of \@gtempa.
<to be read again> 
                   1
l.3101 ...\ifthenelse{\equal{\@anim@tmpvar}{left}}
                                                  {
You meant to type ## instead of #, right?
Or maybe a } was forgotten somewhere earlier, and things
are all screwed up? I'm going to assume that you meant ##.

! Illegal parameter number in definition of \@tempa.
<to be read again> 
                   1
l.3101 ...\ifthenelse{\equal{\@anim@tmpvar}{left}}
                                                  {
You meant to type ## instead of #, right?
Or maybe a } was forgotten somewhere earlier, and things
are all screwed up? I'm going to assume that you meant ##.

! Illegal parameter number in definition of \@gtempa.
<to be read again> 
                   1
l.3120     }
            
You meant to type ## instead of #, right?
Or maybe a } was forgotten somewhere earlier, and things
are all screwed up? I'm going to assume that you meant ##.

! Illegal parameter number in definition of \@tempa.
<to be read again> 
                   1
l.3120     }
            
You meant to type ## instead of #, right?
Or maybe a } was forgotten somewhere earlier, and things
are all screwed up? I'm going to assume that you meant ##.

! Illegal parameter number in definition of \@gtempa.
<to be read again> 
                   1
l.3120     }
            
You meant to type ## instead of #, right?
Or maybe a } was forgotten somewhere earlier, and things
are all screwed up? I'm going to assume that you meant ##.

! Illegal parameter number in definition of \@tempa.
<to be read again> 
                   1
l.3120     }
            
You meant to type ## instead of #, right?
Or maybe a } was forgotten somewhere earlier, and things
are all screwed up? I'm going to assume that you meant ##.

! Illegal parameter number in definition of \@tempa.
<to be read again> 
                   1
l.3128     \setboolean{@anim@autoplay}{#1}
                                          
You meant to type ## instead of #, right?
Or maybe a } was forgotten somewhere earlier, and things
are all screwed up? I'm going to assume that you meant ##.


! Package ifthen Error: You can only set a boolean to `true' or `false'.

See the ifthen package documentation for explanation.
Type  H <return>  for immediate help.
 ...                                              
                                                  
l.3128     \setboolean{@anim@autoplay}{#1}
                                          
Try typing  <return>  to proceed.
If that doesn't work, type  X <return>  to quit.

! Illegal parameter number in definition of \@tempa.
<to be read again> 
                   1
l.3134     \setboolean{@anim@autoresume}{#1}
                                            
You meant to type ## instead of #, right?
Or maybe a } was forgotten somewhere earlier, and things
are all screwed up? I'm going to assume that you meant ##.


! Package ifthen Error: You can only set a boolean to `true' or `false'.

See the ifthen package documentation for explanation.
Type  H <return>  for immediate help.
 ...                                              
                                                  
l.3134     \setboolean{@anim@autoresume}{#1}
                                            
Try typing  <return>  to proceed.
If that doesn't work, type  X <return>  to quit.

! Missing number, treated as zero.
<to be read again> 
                   ##
l.3150     \ifnum#
                  1<\z@\relax
A number should have been here; I inserted `0'.
(If you can't figure out why I needed to see a number,
look up `weird error' in the index to The TeXbook.)

! Missing = inserted for \ifnum.
<to be read again> 
                   ##
l.3150     \ifnum#
                  1<\z@\relax
I was expecting to see `<', `=', or `>'. Didn't.

! Missing number, treated as zero.
<to be read again> 
                   ##
l.3150     \ifnum#
                  1<\z@\relax
A number should have been here; I inserted `0'.
(If you can't figure out why I needed to see a number,
look up `weird error' in the index to The TeXbook.)

! You can't use `macro parameter character #' in horizontal mode.
<recently read> ##
                  
l.3150     \ifnum#
                  1<\z@\relax
Sorry, but I'm not programmed to handle this case;
I'll just pretend that you didn't ask for it.
If you're in the wrong mode, you might be able to
return to the right one by typing `I}' or `I$' or `I\par'.

! Missing number, treated as zero.
<to be read again> 
                   \relax 
l.3150     \ifnum#1<\z@\relax
                             
A number should have been here; I inserted `0'.
(If you can't figure out why I needed to see a number,
look up `weird error' in the index to The TeXbook.)

! Illegal unit of measure (pt inserted).
<to be read again> 
                   \relax 
l.3150     \ifnum#1<\z@\relax
                             
Dimensions can be in units of em, ex, in, pt, pc,
cm, mm, dd, cc, nd, nc, bp, or sp; but yours is a new one!
I'll assume that you meant to say pt, for printer's points.
To recover gracefully from this error, it's best to
delete the erroneous units; e.g., type `2' to delete
two letters. (See Chapter 27 of The TeXbook.)


! Illegal parameter number in definition of  .
<to be read again> 
                   1
l.3155       }{}
                
You meant to type ## instead of #, right?
Or maybe a } was forgotten somewhere earlier, and things
are all screwed up? I'm going to assume that you meant ##.

! Package animate Error: Poster frame `##1' is out-of-bounds on
(animate)                input line 3155.
(animate)                Try one of `poster=first' or `poster=none'.

See the animate package documentation for explanation.
Type  H <return>  for immediate help.
 ...                                              
                                                  
l.3155       }{}
                
This error message was generated by an \errmessage
command, so I can't give any explicit help.
Pretend that you're Hercule Poirot: Examine all clues,
and deduce the truth by order and method.

! Illegal parameter number in definition of \@anim@poster.
<to be read again> 
                   1
l.3157     \gdef\@anim@poster{#1
                                }
You meant to type ## instead of #, right?
Or maybe a } was forgotten somewhere earlier, and things
are all screwed up? I'm going to assume that you meant ##.

! Illegal parameter number in definition of \@gtempa.
<to be read again> 
                   1
l.3168     \ifthenelse{\equal{#1}{true}}
                                        {
You meant to type ## instead of #, right?
Or maybe a } was forgotten somewhere earlier, and things
are all screwed up? I'm going to assume that you meant ##.

! Illegal parameter number in definition of \@tempa.
<to be read again> 
                   1
l.3168     \ifthenelse{\equal{#1}{true}}
                                        {
You meant to type ## instead of #, right?
Or maybe a } was forgotten somewhere earlier, and things
are all screwed up? I'm going to assume that you meant ##.

! Illegal parameter number in definition of \reserved@a.
<to be read again> 
                   1
l.3188     }
            
You meant to type ## instead of #, right?
Or maybe a } was forgotten somewhere earlier, and things
are all screwed up? I'm going to assume that you meant ##.

! Illegal parameter number in definition of \reserved@a.
<to be read again> 
                   1
l.3188     }
            
You meant to type ## instead of #, right?
Or maybe a } was forgotten somewhere earlier, and things
are all screwed up? I'm going to assume that you meant ##.


! Illegal parameter number in definition of \@err@                             
                                    .
<to be read again> 
                   1
l.3188     }
            
You meant to type ## instead of #, right?
Or maybe a } was forgotten somewhere earlier, and things
are all screwed up? I'm going to assume that you meant ##.

! Illegal parameter number in definition of  .
<to be read again> 
                   1
l.3188     }
            
You meant to type ## instead of #, right?
Or maybe a } was forgotten somewhere earlier, and things
are all screwed up? I'm going to assume that you meant ##.

! Package animate Error: timeline file `##1' cannot be opened for reading.

See the animate package documentation for explanation.
Type  H <return>  for immediate help.
 ...                                              
                                                  
l.3188     }
            
Make sure file `##1' exists and is readable!

! Undefined control sequence.
l.3192   begin.tl_gset:N = \@anim@begin
                                       ,
The control sequence at the end of the top line
of your error message was never \def'ed. If you have
misspelled it (e.g., `\hobx'), type `I' and the correct
spelling (e.g., `I\hbox'). Otherwise just continue,
and I'll forget about whatever was undefined.

! Undefined control sequence.
l.3195   end.tl_gset:N = \@anim@end
                                   ,
The control sequence at the end of the top line
of your error message was never \def'ed. If you have
misspelled it (e.g., `\hobx'), type `I' and the correct
spelling (e.g., `I\hbox'). Otherwise just continue,
and I'll forget about whatever was undefined.

! Missing number, treated as zero.
<to be read again> 
                   ##
l.3199     \ifnum#
                  1<\@ne\relax\gdef\@anim@every{1}\else\gdef\@anim@every{#1}\fi
A number should have been here; I inserted `0'.
(If you can't figure out why I needed to see a number,
look up `weird error' in the index to The TeXbook.)

! Missing = inserted for \ifnum.
<to be read again> 
                   ##
l.3199     \ifnum#
                  1<\@ne\relax\gdef\@anim@every{1}\else\gdef\@anim@every{#1}\fi
I was expecting to see `<', `=', or `>'. Didn't.

! Missing number, treated as zero.
<to be read again> 
                   ##
l.3199     \ifnum#
                  1<\@ne\relax\gdef\@anim@every{1}\else\gdef\@anim@every{#1}\fi
A number should have been here; I inserted `0'.
(If you can't figure out why I needed to see a number,
look up `weird error' in the index to The TeXbook.)

! You can't use `macro parameter character #' in horizontal mode.
<recently read> ##
                  
l.3199     \ifnum#
                  1<\@ne\relax\gdef\@anim@every{1}\else\gdef\@anim@every{#1}\fi
Sorry, but I'm not programmed to handle this case;
I'll just pretend that you didn't ask for it.
If you're in the wrong mode, you might be able to
return to the right one by typing `I}' or `I$' or `I\par'.

! Illegal parameter number in definition of \@gtempa.
<to be read again> 
                   1
l.3207     \ifthenelse{\equal{#1}{icon}}
                                        {
You meant to type ## instead of #, right?
Or maybe a } was forgotten somewhere earlier, and things
are all screwed up? I'm going to assume that you meant ##.

! Illegal parameter number in definition of \@tempa.
<to be read again> 
                   1
l.3207     \ifthenelse{\equal{#1}{icon}}
                                        {
You meant to type ## instead of #, right?
Or maybe a } was forgotten somewhere earlier, and things
are all screwed up? I'm going to assume that you meant ##.

! Illegal parameter number in definition of \@gtempa.
<to be read again> 
                   1
l.3217     }
            
You meant to type ## instead of #, right?
Or maybe a } was forgotten somewhere earlier, and things
are all screwed up? I'm going to assume that you meant ##.

! Illegal parameter number in definition of \@tempa.
<to be read again> 
                   1
l.3217     }
            
You meant to type ## instead of #, right?
Or maybe a } was forgotten somewhere earlier, and things
are all screwed up? I'm going to assume that you meant ##.

! Illegal parameter number in definition of \@gtempa.
<to be read again> 
                   1
l.3217     }
            
You meant to type ## instead of #, right?
Or maybe a } was forgotten somewhere earlier, and things
are all screwed up? I'm going to assume that you meant ##.

! Illegal parameter number in definition of \@tempa.
<to be read again> 
                   1
l.3217     }
            
You meant to type ## instead of #, right?
Or maybe a } was forgotten somewhere earlier, and things
are all screwed up? I'm going to assume that you meant ##.

! Undefined control sequence.
l.3221   type.tl_gset_x:N = \@anim@ftype
                                        ,
The control sequence at the end of the top line
of your error message was never \def'ed. If you have
misspelled it (e.g., `\hobx'), type `I' and the correct
spelling (e.g., `I\hbox'). Otherwise just continue,
and I'll forget about whatever was undefined.


Overfull \hbox (11696.07039pt too wide) in paragraph at lines 2914--3225
[]\T1/cmr/m/n/12 [anim@user]label.code:n=,label.value_required:n=true,width.cod
e:n=,width.value_required:n=true,height.code:n=,height.value_required:n=true,to
talheight.code:n=,totalheight.value_required:n=true,keepaspectratio.legacy_if_g
set:n=@anim@iso,keepaspectratio.default:n=true,bb.code:n=,bb.value_required:n=t
rue,viewport.code:n=,viewport.value_required:n=true,trim.code:n=,trim.value_req
uired:n=true,angle.code:n=,angle.value_required:n=true,pagebox.code:n=,pagebox.
value_required:n=true,clip.code:n=,clip.default:n=true,hiresbb.legacy_if_gset:n
=@anim@hiresbb,hiresbb.default:n=true,interpolate.legacy_if_gset:n=@anim@interp
olate,interpolate.default:n=true,scale.tl_gset_x:N=,scale.value_required:n=true
,buttonsize.tl_gset:N=,buttonsize.value_required:n=true,buttonbg.code:n=,button
bg.value_required:n=true,buttonfg.code:n=,buttonfg.value_required:n=true,button
alpha.tl_gset_x:N=,buttonalpha.value_required:n=true,alttext.code:n=,alttext.va
lue_required:n=true,controls.multichoice:,controls/all.code:n=,controls/true.co
de:n=,controls/on.code:n=,controls/none.code:n=,controls/false.code:n=,controls
/off.code:n=,controls/play.code:n=,controls/step.code:n=,controls/stop.code:n=,
controls/speed.code:n=,controls.default:n=all,controlsaligned.code:n=,controlsa
ligned.value_required:n=true,loop.legacy_if_gset:n=@anim@loop,loop.default:n=tr
ue,autoplay.code:n=,autoplay.default:n=true,autoresume.code:n=,autoresume.defau
lt:n=true,autopause.legacy_if_gset:n=@anim@autopause,autopause.default:n=true,p
alindrome.legacy_if_gset:n=@anim@palindrome,palindrome.default:n=true,poster.ch
oice:,poster/first.code:n=,poster/last.code:n=,poster/none.code:n=,poster/unkno
wn.code:n=1<,poster.default:n=first,step.legacy_if_gset:n=@anim@step,step.defau
lt:n=true,draft.legacy_if_gset:n=@anim@draft,draft.default:n=true,final.code:n=
,final.default:n=true,nomouse.legacy_if_gset:n=@anim@nomouse,nomouse.default:n=
true,timeline.code:n=,timeline.value_required:n=true,begin.tl_gset:N=,begin.val
ue_required:n=true,end.tl_gset:N=,end.value_required:n=true,every.code:n=1<,ev
ery.value_required:n=true,measure.legacy_if_gset:n=@anim@meas,measure.default:n
=true,method.choices:nn=icon,widget,ocg,method.value_required:n=true,type.tl_gs
et_x:N=,type.value_required:n=true, 
 []

\@anim@@resizeflags=\count307
! Undefined control sequence.
l.3354 \DeclareKeys
                   [anim@pkg]{
The control sequence at the end of the top line
of your error message was never \def'ed. If you have
misspelled it (e.g., `\hobx'), type `I' and the correct
spelling (e.g., `I\hbox'). Otherwise just continue,
and I'll forget about whatever was undefined.


! LaTeX Error: Missing \begin{document}.

See the LaTeX manual or LaTeX Companion for explanation.
Type  H <return>  for immediate help.
 ...                                              
                                                  
l.3354 \DeclareKeys[
                    anim@pkg]{
You're in trouble here.  Try typing  <return>  to proceed.
If that doesn't work, type  X <return>  to quit.

! Illegal parameter number in definition of \@anim@@widtharg.
<to be read again> 
                   1
l.3356     \gdef\@anim@@widtharg{#1
                                   }
You meant to type ## instead of #, right?
Or maybe a } was forgotten somewhere earlier, and things
are all screwed up? I'm going to assume that you meant ##.

! Illegal parameter number in definition of \@anim@@heightarg.
<to be read again> 
                   1
l.3365     \gdef\@anim@@heightarg{#1
                                    }
You meant to type ## instead of #, right?
Or maybe a } was forgotten somewhere earlier, and things
are all screwed up? I'm going to assume that you meant ##.

! Illegal parameter number in definition of \@anim@@totheightarg.
<to be read again> 
                   1
l.3374     \gdef\@anim@@totheightarg{#1
                                       }
You meant to type ## instead of #, right?
Or maybe a } was forgotten somewhere earlier, and things
are all screwed up? I'm going to assume that you meant ##.

! Illegal parameter number in definition of \@anim@@bb.
<to be read again> 
                   1
l.3385   bb.code:n = {\xdef\@anim@@bb{bb=#1
                                           }},
You meant to type ## instead of #, right?
Or maybe a } was forgotten somewhere earlier, and things
are all screwed up? I'm going to assume that you meant ##.

! Illegal parameter number in definition of \@anim@@viewport.
<to be read again> 
                   1
l.3388 ...e:n = {\xdef\@anim@@viewport{viewport=#1
                                                  }},
You meant to type ## instead of #, right?
Or maybe a } was forgotten somewhere earlier, and things
are all screwed up? I'm going to assume that you meant ##.

! Illegal parameter number in definition of \@anim@@trim.
<to be read again> 
                   1
l.3391   trim.code:n = {\xdef\@anim@@trim{trim=#1
                                                 }},
You meant to type ## instead of #, right?
Or maybe a } was forgotten somewhere earlier, and things
are all screwed up? I'm going to assume that you meant ##.

! Illegal parameter number in definition of \@anim@@angle.
<to be read again> 
                   1
l.3394 ...le.code:n = {\xdef\@anim@@angle{angle=#1
                                                  }},
You meant to type ## instead of #, right?
Or maybe a } was forgotten somewhere earlier, and things
are all screwed up? I'm going to assume that you meant ##.

! Illegal parameter number in definition of \@anim@@pagebox.
<to be read again> 
                   1
l.3397 ...ode:n = {\xdef\@anim@@pagebox{pagebox=#1
                                                  }},
You meant to type ## instead of #, right?
Or maybe a } was forgotten somewhere earlier, and things
are all screwed up? I'm going to assume that you meant ##.

! Illegal parameter number in definition of \@anim@colour.
<to be read again> 
                   1
l.3418     \@anim@colours{#1}
                             
You meant to type ## instead of #, right?
Or maybe a } was forgotten somewhere earlier, and things
are all screwed up? I'm going to assume that you meant ##.

! Illegal parameter number in definition of \@anim@@bg.
<to be read again> 
                   1
l.3434         \xdef\@anim@@bg{\@anim@colour
                                            \space g}
You meant to type ## instead of #, right?
Or maybe a } was forgotten somewhere earlier, and things
are all screwed up? I'm going to assume that you meant ##.

! Argument of \@anim@@colours has an extra }.
<inserted text> 
                \par 
l.3481   }
          ,
I've run across a `}' that doesn't seem to match anything.
For example, `\def\a#1{...}' and `\a}' would produce
this error. If you simply proceed now, the `\par' that
I've just inserted will cause me to report a runaway
argument that might be the root of the problem. But if
your `}' was spurious, just type `2' and it will go away.

Runaway argument?
##1:\@nil \global \let \@anim@@fgcolour \@anim@colour \ifnum \if@anim@dvips \ET
C.
! Paragraph ended before \@anim@@colours was complete.
<to be read again> 
                   \par 
l.3481   }
          ,
I suspect you've forgotten a `}', causing me to apply this
control sequence to too much text. How can we recover?
My plan is to forget the whole thing and hope for the best.


Overfull \hbox (3874.5273pt too wide) in paragraph at lines 3354--3481
[]\T1/cmr/m/n/12 [anim@pkg]width.code:n=,width.value_required:n=true,height.cod
e:n=,height.value_required:n=true,totalheight.code:n=,totalheight.value_require
d:n=true,keepaspectratio.legacy_if_gset:n=@anim@@iso,keepaspectratio.default:n=
true,bb.code:n=,bb.value_required:n=true,viewport.code:n=,viewport.value_requir
ed:n=true,trim.code:n=,trim.value_required:n=true,angle.code:n=,angle.value_req
uired:n=true,pagebox.code:n=,pagebox.value_required:n=true,clip.code:n=,clip.de
fault:n=true,hiresbb.legacy_if_gset:n=@anim@@hiresbb,hiresbb.default:n=true,int
erpolate.legacy_if_gset:n=@anim@@interpolate,interpolate.default:n=true,scale.t
l_gset_x:N=1,scale.value_required:n=true,buttonsize.tl_gset:N=1.44em,buttonsize
.value_required:n=true,buttonbg.code:n=,buttonbg.value_required:n=true,buttonfg
.code:n= 
 []


! LaTeX Error: Missing \begin{document}.

See the LaTeX manual or LaTeX Companion for explanation.
Type  H <return>  for immediate help.
 ...                                              
                                                  
l.3481   },
           
You're in trouble here.  Try typing  <return>  to proceed.
If that doesn't work, type  X <return>  to quit.

! Illegal parameter number in definition of \@gtempa.
<to be read again> 
                   1
l.3488     \ifthenelse{\equal{#1}{none}}
                                        {
You meant to type ## instead of #, right?
Or maybe a } was forgotten somewhere earlier, and things
are all screwed up? I'm going to assume that you meant ##.

! Illegal parameter number in definition of \@tempa.
<to be read again> 
                   1
l.3488     \ifthenelse{\equal{#1}{none}}
                                        {
You meant to type ## instead of #, right?
Or maybe a } was forgotten somewhere earlier, and things
are all screwed up? I'm going to assume that you meant ##.

! Illegal parameter number in definition of \@anim@@alttext.
<to be read again> 
                   1
l.3492     }
            
You meant to type ## instead of #, right?
Or maybe a } was forgotten somewhere earlier, and things
are all screwed up? I'm going to assume that you meant ##.

! Illegal parameter number in definition of \@gtempa.
<to be read again> 
                   1
l.3522 ...gnarg\@anim@tmpvar\@anim@tmpdima#1+\@nil
                                                  
You meant to type ## instead of #, right?
Or maybe a } was forgotten somewhere earlier, and things
are all screwed up? I'm going to assume that you meant ##.

! Illegal parameter number in definition of \@tempa.
<to be read again> 
                   1
l.3522 ...gnarg\@anim@tmpvar\@anim@tmpdima#1+\@nil
                                                  
You meant to type ## instead of #, right?
Or maybe a } was forgotten somewhere earlier, and things
are all screwed up? I'm going to assume that you meant ##.

! Illegal parameter number in definition of \@anim@tmpvar.
<to be read again> 
                   1
l.3522 ...gnarg\@anim@tmpvar\@anim@tmpdima#1+\@nil
                                                  
You meant to type ## instead of #, right?
Or maybe a } was forgotten somewhere earlier, and things
are all screwed up? I'm going to assume that you meant ##.

! Illegal parameter number in definition of \@gtempa.
<to be read again> 
                   1
l.3524 ...\ifthenelse{\equal{\@anim@tmpvar}{left}}
                                                  {
You meant to type ## instead of #, right?
Or maybe a } was forgotten somewhere earlier, and things
are all screwed up? I'm going to assume that you meant ##.

! Illegal parameter number in definition of \@tempa.
<to be read again> 
                   1
l.3524 ...\ifthenelse{\equal{\@anim@tmpvar}{left}}
                                                  {
You meant to type ## instead of #, right?
Or maybe a } was forgotten somewhere earlier, and things
are all screwed up? I'm going to assume that you meant ##.

! Illegal parameter number in definition of \@gtempa.
<to be read again> 
                   1
l.3535     }
            
You meant to type ## instead of #, right?
Or maybe a } was forgotten somewhere earlier, and things
are all screwed up? I'm going to assume that you meant ##.

! Illegal parameter number in definition of \@tempa.
<to be read again> 
                   1
l.3535     }
            
You meant to type ## instead of #, right?
Or maybe a } was forgotten somewhere earlier, and things
are all screwed up? I'm going to assume that you meant ##.

! Illegal parameter number in definition of \@tempa.
<to be read again> 
                   1
l.3543     \setboolean{@anim@@autoplay}{#1}
                                           
You meant to type ## instead of #, right?
Or maybe a } was forgotten somewhere earlier, and things
are all screwed up? I'm going to assume that you meant ##.


! Package ifthen Error: You can only set a boolean to `true' or `false'.

See the ifthen package documentation for explanation.
Type  H <return>  for immediate help.
 ...                                              
                                                  
l.3543     \setboolean{@anim@@autoplay}{#1}
                                           
Try typing  <return>  to proceed.
If that doesn't work, type  X <return>  to quit.

! Illegal parameter number in definition of \@tempa.
<to be read again> 
                   1
l.3549     \setboolean{@anim@@autoresume}{#1}
                                             
You meant to type ## instead of #, right?
Or maybe a } was forgotten somewhere earlier, and things
are all screwed up? I'm going to assume that you meant ##.


! Package ifthen Error: You can only set a boolean to `true' or `false'.

See the ifthen package documentation for explanation.
Type  H <return>  for immediate help.
 ...                                              
                                                  
l.3549     \setboolean{@anim@@autoresume}{#1}
                                             
Try typing  <return>  to proceed.
If that doesn't work, type  X <return>  to quit.

! Missing number, treated as zero.
<to be read again> 
                   ##
l.3565     \ifnum#
                  1<\z@\relax
A number should have been here; I inserted `0'.
(If you can't figure out why I needed to see a number,
look up `weird error' in the index to The TeXbook.)

! Missing = inserted for \ifnum.
<to be read again> 
                   ##
l.3565     \ifnum#
                  1<\z@\relax
I was expecting to see `<', `=', or `>'. Didn't.

! Missing number, treated as zero.
<to be read again> 
                   ##
l.3565     \ifnum#
                  1<\z@\relax
A number should have been here; I inserted `0'.
(If you can't figure out why I needed to see a number,
look up `weird error' in the index to The TeXbook.)

! You can't use `macro parameter character #' in horizontal mode.
<recently read> ##
                  
l.3565     \ifnum#
                  1<\z@\relax
Sorry, but I'm not programmed to handle this case;
I'll just pretend that you didn't ask for it.
If you're in the wrong mode, you might be able to
return to the right one by typing `I}' or `I$' or `I\par'.

! Missing number, treated as zero.
<to be read again> 
                   \relax 
l.3565     \ifnum#1<\z@\relax
                             
A number should have been here; I inserted `0'.
(If you can't figure out why I needed to see a number,
look up `weird error' in the index to The TeXbook.)

! Illegal unit of measure (pt inserted).
<to be read again> 
                   \relax 
l.3565     \ifnum#1<\z@\relax
                             
Dimensions can be in units of em, ex, in, pt, pc,
cm, mm, dd, cc, nd, nc, bp, or sp; but yours is a new one!
I'll assume that you meant to say pt, for printer's points.
To recover gracefully from this error, it's best to
delete the erroneous units; e.g., type `2' to delete
two letters. (See Chapter 27 of The TeXbook.)


! Illegal parameter number in definition of  .
<to be read again> 
                   1
l.3570       }{}
                
You meant to type ## instead of #, right?
Or maybe a } was forgotten somewhere earlier, and things
are all screwed up? I'm going to assume that you meant ##.

! Package animate Error: Poster frame `##1' is out-of-bounds on
(animate)                input line 3570.
(animate)                Try one of `poster=first' or `poster=none'.

See the animate package documentation for explanation.
Type  H <return>  for immediate help.
 ...                                              
                                                  
l.3570       }{}
                
(That was another \errmessage.)

! Illegal parameter number in definition of \@anim@@poster.
<to be read again> 
                   1
l.3572     \gdef\@anim@@poster{#1
                                 }
You meant to type ## instead of #, right?
Or maybe a } was forgotten somewhere earlier, and things
are all screwed up? I'm going to assume that you meant ##.

! Illegal parameter number in definition of \@tempa.
<to be read again> 
                   1
l.3580     \setboolean{@anim@@draft}{#1}
                                        
You meant to type ## instead of #, right?
Or maybe a } was forgotten somewhere earlier, and things
are all screwed up? I'm going to assume that you meant ##.


! Package ifthen Error: You can only set a boolean to `true' or `false'.

See the ifthen package documentation for explanation.
Type  H <return>  for immediate help.
 ...                                              
                                                  
l.3580     \setboolean{@anim@@draft}{#1}
                                        
Try typing  <return>  to proceed.
If that doesn't work, type  X <return>  to quit.

! Illegal parameter number in definition of \@gtempa.
<to be read again> 
                   1
l.3586     \ifthenelse{\equal{#1}{true}}
                                        {
You meant to type ## instead of #, right?
Or maybe a } was forgotten somewhere earlier, and things
are all screwed up? I'm going to assume that you meant ##.

! Illegal parameter number in definition of \@tempa.
<to be read again> 
                   1
l.3586     \ifthenelse{\equal{#1}{true}}
                                        {
You meant to type ## instead of #, right?
Or maybe a } was forgotten somewhere earlier, and things
are all screwed up? I'm going to assume that you meant ##.

! Illegal parameter number in definition of \@gtempa.
<to be read again> 
                   1
l.3598     \ifthenelse{\equal{#1}{icon}}
                                        {
You meant to type ## instead of #, right?
Or maybe a } was forgotten somewhere earlier, and things
are all screwed up? I'm going to assume that you meant ##.

! Illegal parameter number in definition of \@tempa.
<to be read again> 
                   1
l.3598     \ifthenelse{\equal{#1}{icon}}
                                        {
You meant to type ## instead of #, right?
Or maybe a } was forgotten somewhere earlier, and things
are all screwed up? I'm going to assume that you meant ##.

! Illegal parameter number in definition of \@gtempa.
<to be read again> 
                   1
l.3608     }
            
You meant to type ## instead of #, right?
Or maybe a } was forgotten somewhere earlier, and things
are all screwed up? I'm going to assume that you meant ##.

! Illegal parameter number in definition of \@tempa.
<to be read again> 
                   1
l.3608     }
            
You meant to type ## instead of #, right?
Or maybe a } was forgotten somewhere earlier, and things
are all screwed up? I'm going to assume that you meant ##.

! Illegal parameter number in definition of \@gtempa.
<to be read again> 
                   1
l.3608     }
            
You meant to type ## instead of #, right?
Or maybe a } was forgotten somewhere earlier, and things
are all screwed up? I'm going to assume that you meant ##.

! Illegal parameter number in definition of \@tempa.
<to be read again> 
                   1
l.3608     }
            
You meant to type ## instead of #, right?
Or maybe a } was forgotten somewhere earlier, and things
are all screwed up? I'm going to assume that you meant ##.


Overfull \hbox (5909.45477pt too wide) in paragraph at lines 3481--3616
[]\T1/cmr/m/n/12 ,buttonfg.value_required:n=true,buttonalpha.tl_gset_x:N=,butto
nalpha.value_required:n=true,alttext.code:n=,alttext.value_required:n=true,cont
rols.multichoice:,controls/all.code:n=,controls/true.code:n=,controls/on.code:n
=,controls/none.code:n=,controls/false.code:n=,controls/off.code:n=,controls/pl
ay.code:n=,controls/step.code:n=,controls/stop.code:n=,controls/speed.code:n=,c
ontrols.default:n=all,controlsaligned.code:n=,controlsaligned.value_required:n=
true,loop.legacy_if_gset:n=@anim@@loop,loop.default:n=true,autoplay.code:n=,aut
oplay.default:n=true,autoresume.code:n=,autoresume.default:n=true,autopause.leg
acy_if_gset:n=@anim@@autopause,autopause.default:n=true,palindrome.legacy_if_gs
et:n=@anim@@palindrome,palindrome.default:n=true,poster.choice:,poster/first.co
de:n=,poster/last.code:n=,poster/none.code:n=,poster/unknown.code:n=1<,poster.d
efault:n=first,step.legacy_if_gset:n=@anim@@step,step.default:n=true,draft.code
:n=,draft.default:n=true,final.code:n=,final.default:n=true,nomouse.legacy_if_g
set:n=@anim@@nomouse,nomouse.default:n=true,method.choices:nn=icon,widget,ocg,m
ethod.value_required:n=true,type.tl_gset_x:N=,type.value_required:n=true, 
 []

! Undefined control sequence.
l.3625 \ProcessKeyOptions
                         [anim@pkg]
The control sequence at the end of the top line
of your error message was never \def'ed. If you have
misspelled it (e.g., `\hobx'), type `I' and the correct
spelling (e.g., `I\hbox'). Otherwise just continue,
and I'll forget about whatever was undefined.


! LaTeX Error: Missing \begin{document}.

See the LaTeX manual or LaTeX Companion for explanation.
Type  H <return>  for immediate help.
 ...                                              
                                                  
l.3625 \ProcessKeyOptions[
                          anim@pkg]
You're in trouble here.  Try typing  <return>  to proceed.
If that doesn't work, type  X <return>  to quit.

) (C:\Users\mkarc\AppData\Local\Programs\MiKTeX\tex/latex/wrapfig\wrapfig.sty
\wrapoverhang=\dimen183
\WF@size=\dimen184
\c@WF@wrappedlines=\count308
\WF@box=\box59
\WF@everypar=\toks30
Package: wrapfig 2003/01/31  v 3.6
)
(C:\Users\mkarc\AppData\Local\Programs\MiKTeX\tex/latex/amscls\amsthm.sty
Package: amsthm 2020/05/29 v2.20.6
\thm@style=\toks31
\thm@bodyfont=\toks32
\thm@headfont=\toks33
\thm@notefont=\toks34
\thm@headpunct=\toks35
\thm@preskip=\skip64
\thm@postskip=\skip65
\thm@headsep=\skip66
\dth@everypar=\toks36
)
(C:\Users\mkarc\AppData\Local\Programs\MiKTeX\tex/latex/doublestroke\dsfont.sty
Package: dsfont 1995/08/01 v0.1 Double stroke roman fonts
)
\c@lema=\count309
\c@ex=\count310
 (C:\Users\mkarc\AppData\Local\Programs\MiKTeX\tex/latex/geometry\geometry.sty
Package: geometry 2020/01/02 v5.9 Page Geometry
(C:\Users\mkarc\AppData\Local\Programs\MiKTeX\tex/generic/iftex\ifvtex.sty
Package: ifvtex 2019/10/25 v1.7 ifvtex legacy package. Use iftex instead.
)
\Gm@cnth=\count311
\Gm@cntv=\count312
\c@Gm@tempcnt=\count313
\Gm@bindingoffset=\dimen185
\Gm@wd@mp=\dimen186
\Gm@odd@mp=\dimen187
\Gm@even@mp=\dimen188
\Gm@layoutwidth=\dimen189
\Gm@layoutheight=\dimen190
\Gm@layouthoffset=\dimen191
\Gm@layoutvoffset=\dimen192
\Gm@dimlist=\toks37

(C:\Users\mkarc\AppData\Local\Programs\MiKTeX\tex/latex/geometry\geometry.cfg))
LaTeX Font Info:    Trying to load font information for T1+ptm on input line 52
.
(C:\Users\mkarc\AppData\Local\Programs\MiKTeX\tex/latex/psnfss\t1ptm.fd
File: t1ptm.fd 2001/06/04 font definitions for T1/ptm.
)
(document.aux)
\openout1 = `document.aux'.

LaTeX Font Info:    Checking defaults for OML/cmm/m/it on input line 52.
LaTeX Font Info:    ... okay on input line 52.
LaTeX Font Info:    Checking defaults for OMS/cmsy/m/n on input line 52.
LaTeX Font Info:    ... okay on input line 52.
LaTeX Font Info:    Checking defaults for OT1/cmr/m/n on input line 52.
LaTeX Font Info:    ... okay on input line 52.
LaTeX Font Info:    Checking defaults for T1/cmr/m/n on input line 52.
LaTeX Font Info:    ... okay on input line 52.
LaTeX Font Info:    Checking defaults for TS1/cmr/m/n on input line 52.
LaTeX Font Info:    ... okay on input line 52.
LaTeX Font Info:    Checking defaults for OMX/cmex/m/n on input line 52.
LaTeX Font Info:    ... okay on input line 52.
LaTeX Font Info:    Checking defaults for U/cmr/m/n on input line 52.
LaTeX Font Info:    ... okay on input line 52.
LaTeX Font Info:    Checking defaults for OT4/cmr/m/n on input line 52.
LaTeX Font Info:    ... okay on input line 52.
LaTeX Font Info:    Checking defaults for PD1/pdf/m/n on input line 52.
LaTeX Font Info:    ... okay on input line 52.
LaTeX Font Info:    Checking defaults for PU/pdf/m/n on input line 52.
LaTeX Font Info:    ... okay on input line 52.
Package hyperref Info: Link coloring OFF on input line 52.

(C:\Users\mkarc\AppData\Local\Programs\MiKTeX\tex/latex/hyperref\nameref.sty
Package: nameref 2021-04-02 v2.47 Cross-referencing by name of section

(C:\Users\mkarc\AppData\Local\Programs\MiKTeX\tex/latex/refcount\refcount.sty
Package: refcount 2019/12/15 v3.6 Data extraction from label references (HO)
)
(C:\Users\mkarc\AppData\Local\Programs\MiKTeX\tex/generic/gettitlestring\gettit
lestring.sty
Package: gettitlestring 2019/12/15 v1.6 Cleanup title references (HO)
)
\c@section@level=\count314
)
LaTeX Info: Redefining \ref on input line 52.
LaTeX Info: Redefining \pageref on input line 52.
LaTeX Info: Redefining \nameref on input line 52.
 (document.out) (document.out)
\@outlinefile=\write3
\openout3 = `document.out'.


(C:\Users\mkarc\AppData\Local\Programs\MiKTeX\tex/context/base/mkii\supp-pdf.mk
ii
[Loading MPS to PDF converter (version 2006.09.02).]
\scratchcounter=\count315
\scratchdimen=\dimen193
\scratchbox=\box60
\nofMPsegments=\count316
\nofMParguments=\count317
\everyMPshowfont=\toks38
\MPscratchCnt=\count318
\MPscratchDim=\dimen194
\MPnumerator=\count319
\makeMPintoPDFobject=\count320
\everyMPtoPDFconversion=\toks39
)
(C:\Users\mkarc\AppData\Local\Programs\MiKTeX\tex/latex/epstopdf-pkg\epstopdf-b
ase.sty
Package: epstopdf-base 2020-01-24 v2.11 Base part for package epstopdf
Package epstopdf-base Info: Redefining graphics rule for `.eps' on input line 4
85.

(C:\Users\mkarc\AppData\Local\Programs\MiKTeX\tex/latex/00miktex\epstopdf-sys.c
fg
File: epstopdf-sys.cfg 2021/03/18 v2.0 Configuration of epstopdf for MiKTeX
))
Package caption Info: Begin \AtBeginDocument code.
Package caption Info: wrapfig package is loaded.
Package caption Info: End \AtBeginDocument code.

*geometry* driver: auto-detecting
*geometry* detected driver: pdftex
*geometry* verbose mode - [ preamble ] result:
* driver: pdftex
* paper: a4paper
* layout: <same size as paper>
* layoutoffset:(h,v)=(0.0pt,0.0pt)
* modes: 
* h-part:(L,W,R)=(45.80893pt, 505.89pt, 45.80894pt)
* v-part:(T,H,B)=(48.93872pt, 722.7pt, 73.40813pt)
* \paperwidth=597.50787pt
* \paperheight=845.04684pt
* \textwidth=505.89pt
* \textheight=722.7pt
* \oddsidemargin=-26.46106pt
* \evensidemargin=-26.46106pt
* \topmargin=-60.33127pt
* \headheight=12.0pt
* \headsep=25.0pt
* \topskip=12.0pt
* \footskip=30.0pt
* \marginparwidth=44.0pt
* \marginparsep=10.0pt
* \columnsep=10.0pt
* \skip\footins=10.8pt plus 4.0pt minus 2.0pt
* \hoffset=0.0pt
* \voffset=0.0pt
* \mag=1000
* \@twocolumnfalse
* \@twosidefalse
* \@mparswitchfalse
* \@reversemarginfalse
* (1in=72.27pt=25.4mm, 1cm=28.453pt)

[1

{C:/Users/mkarc/AppData/Local/MiKTeX/pdftex/config/pdftex.map}]
<images/logo.PNG, id=51, 271.0125pt x 388.45125pt>
File: images/logo.PNG Graphic file (type png)
<use images/logo.PNG>
Package pdftex.def Info: images/logo.PNG  used on input line 73.
(pdftex.def)             Requested size: 303.53708pt x 435.08612pt.


! LaTeX Error: There's no line here to end.

See the LaTeX manual or LaTeX Companion for explanation.
Type  H <return>  for immediate help.
 ...                                              
                                                  
l.76 			Wydzia Matematyki\\\\
                               
Your command was ignored.
Type  I <command> <return>  to replace it with another command,
or  <return>  to continue without it.

pdfTeX warning (ext4): destination with the same identifier (name{page.1}) has 
been already used, duplicate ignored
<to be read again> 
                   \relax 
l.79 	\end{titlepage}
                      [1 <./images/logo.PNG>] (document.toc
LaTeX Font Info:    Trying to load font information for OML+plm on input line 3
.

(C:\Users\mkarc\AppData\Local\Programs\MiKTeX\tex/latex/polski\omlplm.fd
File: omlplm.fd 2008/02/24 v1.2.1 Font defs for fonts PL (MW)
)
LaTeX Font Info:    Trying to load font information for OMS+plsy on input line 
3.

(C:\Users\mkarc\AppData\Local\Programs\MiKTeX\tex/latex/polski\omsplsy.fd
File: omsplsy.fd 2008/02/24 v1.2.1 Font defs for fonts PL (MW)
)
LaTeX Font Info:    Trying to load font information for OMX+plex on input line 
3.

(C:\Users\mkarc\AppData\Local\Programs\MiKTeX\tex/latex/polski\omxplex.fd
File: omxplex.fd 2008/02/24 v1.2.1 Font defs for fonts PL (MW)
)
LaTeX Font Info:    External font `plex10' loaded for size
(Font)              <12> on input line 3.
LaTeX Font Info:    External font `plex10' loaded for size
(Font)              <8> on input line 3.
LaTeX Font Info:    External font `plex10' loaded for size
(Font)              <6> on input line 3.
LaTeX Font Info:    Trying to load font information for U+msa on input line 3.

(C:\Users\mkarc\AppData\Local\Programs\MiKTeX\tex/latex/amsfonts\umsa.fd
File: umsa.fd 2013/01/14 v3.01 AMS symbols A
)
LaTeX Font Info:    Trying to load font information for U+msb on input line 3.

(C:\Users\mkarc\AppData\Local\Programs\MiKTeX\tex/latex/amsfonts\umsb.fd
File: umsb.fd 2013/01/14 v3.01 AMS symbols B
))
\tf@toc=\write4
\openout4 = `document.toc'.

pdfTeX warning (ext4): destination with the same identifier (name{page.1}) has 
been already used, duplicate ignored
<to be read again> 
                   \relax 
l.81 	\newpage
               [1]
<images/boxplot_V_danych.pdf, id=75, 602.25pt x 401.5pt>
File: images/boxplot_V_danych.pdf Graphic file (type pdf)
<use images/boxplot_V_danych.pdf>
Package pdftex.def Info: images/boxplot_V_danych.pdf  used on input line 121.
(pdftex.def)             Requested size: 404.71199pt x 269.8184pt.
 [2]
<images/boxplot_V_danych_oczyszczonych.pdf, id=84, 602.25pt x 401.5pt>
File: images/boxplot_V_danych_oczyszczonych.pdf Graphic file (type pdf)
<use images/boxplot_V_danych_oczyszczonych.pdf>
Package pdftex.def Info: images/boxplot_V_danych_oczyszczonych.pdf  used on inp
ut line 130.
(pdftex.def)             Requested size: 404.71199pt x 269.8184pt.
<images/histogram_V.pdf, id=86, 602.25pt x 401.5pt>
File: images/histogram_V.pdf Graphic file (type pdf)
<use images/histogram_V.pdf>
Package pdftex.def Info: images/histogram_V.pdf  used on input line 138.
(pdftex.def)             Requested size: 404.71199pt x 269.8184pt.
 [3 <./images/boxplot_V_danych.pdf> <./images/boxplot_V_danych_oczyszczonych.pd
f>]
<images/boxplot_price_danych.pdf, id=97, 602.25pt x 401.5pt>
File: images/boxplot_price_danych.pdf Graphic file (type pdf)
<use images/boxplot_price_danych.pdf>
Package pdftex.def Info: images/boxplot_price_danych.pdf  used on input line 16
4.
(pdftex.def)             Requested size: 404.71199pt x 269.8184pt.
 [4 <./images/histogram_V.pdf>]
<images/boxplot_price_danych_oczyszczonych.pdf, id=106, 602.25pt x 401.5pt>
File: images/boxplot_price_danych_oczyszczonych.pdf Graphic file (type pdf)
<use images/boxplot_price_danych_oczyszczonych.pdf>
Package pdftex.def Info: images/boxplot_price_danych_oczyszczonych.pdf  used on
 input line 173.
(pdftex.def)             Requested size: 404.71199pt x 269.8184pt.
<images/histogram_price.pdf, id=107, 602.25pt x 401.5pt>
File: images/histogram_price.pdf Graphic file (type pdf)
<use images/histogram_price.pdf>
Package pdftex.def Info: images/histogram_price.pdf  used on input line 181.
(pdftex.def)             Requested size: 404.71199pt x 269.8184pt.
 [5 <./images/boxplot_price_danych.pdf> <./images/boxplot_price_danych_oczyszcz
onych.pdf>]
<images/Budnik/v_vs_price.png, id=120, 3011.25pt x 2007.5pt>
File: images/Budnik/v_vs_price.png Graphic file (type png)
<use images/Budnik/v_vs_price.png>
Package pdftex.def Info: images/Budnik/v_vs_price.png  used on input line 205.
(pdftex.def)             Requested size: 404.71199pt x 269.80615pt.
 [6 <./images/histogram_price.pdf>] [7 <./images/Budnik/v_vs_price.png>] [8] [9
]
(document.aux)

LaTeX Warning: Label(s) may have changed. Rerun to get cross-references right.


LaTeX Warning: Temporary extra page added at the end. Rerun to get it removed.

Package rerunfilecheck Info: File `document.out' has not changed.
(rerunfilecheck)             Checksum: 59F3AA634E38518E9322AB5B37BC018D;1501.
 ) 
Here is how much of TeX's memory you used:
 13241 strings out of 479081
 207807 string characters out of 2852598
 546587 words of memory out of 3000000
 30657 multiletter control sequences out of 15000+600000
 439057 words of font info for 75 fonts, out of 8000000 for 9000
 1141 hyphenation exceptions out of 8191
 67i,10n,77p,568b,354s stack positions out of 5000i,500n,10000p,200000b,80000s
{C:/Users/mkarc/AppData/Local/Programs/MiKTeX/fonts/enc/dvips/pl/plmi.enc}{C:
/Users/mkarc/AppData/Local/Programs/MiKTeX/fonts/enc/dvips/pl/plms.enc}{C:/User
s/mkarc/AppData/Local/Programs/MiKTeX/fonts/enc/dvips/pl/plrm.enc}{C:/Users/mka
rc/AppData/Local/Programs/MiKTeX/fonts/enc/dvips/pl/plme.enc}{C:/Users/mkarc/Ap
pData/Local/Programs/MiKTeX/fonts/enc/dvips/base/8r.enc} <C:\Users\mkarc\AppDat
a\Local\MiKTeX\fonts/pk/ljfour/jknappen/ec/dpi600\ecrm1200.pk><C:/Users/mkarc/A
ppData/Local/Programs/MiKTeX/fonts/type1/public/amsfonts/symbols/msbm10.pfb><C:
/Users/mkarc/AppData/Local/Programs/MiKTeX/fonts/type1/public/pl/plex10.pfb><C:
/Users/mkarc/AppData/Local/Programs/MiKTeX/fonts/type1/public/pl/plmi12.pfb><C:
/Users/mkarc/AppData/Local/Programs/MiKTeX/fonts/type1/public/pl/plmi6.pfb><C:/
Users/mkarc/AppData/Local/Programs/MiKTeX/fonts/type1/public/pl/plmi8.pfb><C:/U
sers/mkarc/AppData/Local/Programs/MiKTeX/fonts/type1/public/pl/plr12.pfb><C:/Us
ers/mkarc/AppData/Local/Programs/MiKTeX/fonts/type1/public/pl/plr6.pfb><C:/User
s/mkarc/AppData/Local/Programs/MiKTeX/fonts/type1/public/pl/plr8.pfb><C:/Users/
mkarc/AppData/Local/Programs/MiKTeX/fonts/type1/public/pl/plsy10.pfb><C:/Users/
mkarc/AppData/Local/Programs/MiKTeX/fonts/type1/public/pl/plsy8.pfb><C:/Users/m
karc/AppData/Local/Programs/MiKTeX/fonts/type1/urw/times/utmb8a.pfb><C:/Users/m
karc/AppData/Local/Programs/MiKTeX/fonts/type1/urw/times/utmr8a.pfb>
Output written on document.pdf (11 pages, 2047450 bytes).
PDF statistics:
 252 PDF objects out of 1000 (max. 8388607)
 31 named destinations out of 1000 (max. 500000)
 121 words of extra memory for PDF output out of 10000 (max. 10000000)

